<?xml version="1.0" encoding="UTF-8"?>
<testng-results skipped="0" failed="0" total="1" passed="1">
  <reporter-output>
  </reporter-output>
  <suite name="Rohith&#039;s suite" duration-ms="198420" started-at="2017-08-13T18:10:15Z" finished-at="2017-08-13T18:13:34Z">
    <groups>
    </groups>
    <test name="Default test" duration-ms="198420" started-at="2017-08-13T18:10:15Z" finished-at="2017-08-13T18:13:34Z">
      <class name="keyword.RunScripts">
        <test-method status="PASS" signature="beforeSuite()[pri:0, instance:keyword.RunScripts@25790e]" name="beforeSuite" is-config="true" duration-ms="1211" started-at="2017-08-13T23:40:14Z" finished-at="2017-08-13T23:40:15Z">
          <reporter-output>
          </reporter-output>
        </test-method> <!-- beforeSuite -->
        <test-method status="PASS" signature="beforeTest()[pri:0, instance:keyword.RunScripts@25790e]" name="beforeTest" is-config="true" duration-ms="1" started-at="2017-08-13T23:40:15Z" finished-at="2017-08-13T23:40:15Z">
          <reporter-output>
          </reporter-output>
        </test-method> <!-- beforeTest -->
        <test-method status="PASS" signature="startTestCase()[pri:0, instance:keyword.RunScripts@25790e]" name="startTestCase" is-config="true" duration-ms="1" started-at="2017-08-13T23:40:15Z" finished-at="2017-08-13T23:40:15Z">
          <reporter-output>
          </reporter-output>
        </test-method> <!-- startTestCase -->
        <test-method status="PASS" signature="beforeMethod()[pri:0, instance:keyword.RunScripts@25790e]" name="beforeMethod" is-config="true" duration-ms="49487" started-at="2017-08-13T23:40:15Z" finished-at="2017-08-13T23:41:05Z">
          <reporter-output>
          </reporter-output>
        </test-method> <!-- beforeMethod -->
        <test-method status="PASS" signature="runScripts()[pri:0, instance:keyword.RunScripts@25790e]" name="runScripts" duration-ms="126530" started-at="2017-08-13T23:41:05Z" finished-at="2017-08-13T23:43:11Z">
          <reporter-output>
          </reporter-output>
        </test-method> <!-- runScripts -->
        <test-method status="PASS" signature="afterMethod()[pri:0, instance:keyword.RunScripts@25790e]" name="afterMethod" is-config="true" duration-ms="22069" started-at="2017-08-13T23:43:11Z" finished-at="2017-08-13T23:43:34Z">
          <reporter-output>
          </reporter-output>
        </test-method> <!-- afterMethod -->
        <test-method status="PASS" signature="afterTest()[pri:0, instance:keyword.RunScripts@25790e]" name="afterTest" is-config="true" duration-ms="1" started-at="2017-08-13T23:43:34Z" finished-at="2017-08-13T23:43:34Z">
          <reporter-output>
          </reporter-output>
        </test-method> <!-- afterTest -->
        <test-method status="PASS" signature="afterSuite()[pri:0, instance:keyword.RunScripts@25790e]" name="afterSuite" is-config="true" duration-ms="1625" started-at="2017-08-13T23:43:34Z" finished-at="2017-08-13T23:43:36Z">
          <reporter-output>
          </reporter-output>
        </test-method> <!-- afterSuite -->
      </class> <!-- keyword.RunScripts -->
    </test> <!-- Default test -->
  </suite> <!-- Rohith's suite -->
</testng-results>
