<?xml version="1.0" encoding="UTF-8"?>
<!-- Generated by org.testng.reporters.JUnitXMLReporter -->
<testsuite hostname="NANDAKUMARSIR-D" name="Default test" tests="16" failures="1" timestamp="26 Feb 2017 18:39:58 GMT" time="488.238" errors="0">
  <testcase name="int_with_dropdown" time="91.074" classname="practiceone.CommonSteps"/>
  <testcase name="hlng_Alerts_W3s" time="35.999" classname="practiceone.CommonSteps"/>
  <testcase name="hndl_Draggable" time="15.714" classname="practiceone.CommonSteps"/>
  <testcase name="hndl_Droppable" time="18.982" classname="practiceone.CommonSteps"/>
  <testcase name="count_Frames" time="79.941" classname="practiceone.CommonSteps"/>
  <testcase name="close_Frames" time="18.625" classname="practiceone.CommonSteps"/>
  <testcase name="hndl_popup" time="19.937" classname="practiceone.CommonSteps"/>
  <testcase name="acpt_alerts" time="19.153" classname="practiceone.CommonSteps"/>
  <testcase name="hndl_run_time_exception" time="0.002" classname="practiceone.CommonSteps"/>
  <testcase name="linkedin_Login" time="117.311" classname="practiceone.CommonSteps"/>
  <testcase name="using_object_repository" time="12.694" classname="practiceone.CommonSteps"/>
  <testcase name="using_Drag_and_Drop" time="18.965" classname="practiceone.CommonSteps"/>
  <testcase name="using_Right_Click" time="26.608" classname="practiceone.CommonSteps"/>
  <testcase name="write_excel" time="2.32" classname="practiceone.CommonSteps"/>
  <testcase name="using_excel_sheet" time="10.612" classname="practiceone.CommonSteps">
    <failure type="java.lang.NullPointerException">
      <![CDATA[java.lang.NullPointerException
	at practiceone.CommonSteps.using_excel_sheet(CommonSteps.java:812)
	at sun.reflect.NativeMethodAccessorImpl.invoke0(Native Method)
	at sun.reflect.NativeMethodAccessorImpl.invoke(Unknown Source)
	at sun.reflect.DelegatingMethodAccessorImpl.invoke(Unknown Source)
	at java.lang.reflect.Method.invoke(Unknown Source)
	at org.testng.internal.MethodInvocationHelper.invokeMethod(MethodInvocationHelper.java:85)
	at org.testng.internal.Invoker.invokeMethod(Invoker.java:639)
	at org.testng.internal.Invoker.invokeTestMethod(Invoker.java:816)
	at org.testng.internal.Invoker.invokeTestMethods(Invoker.java:1124)
	at org.testng.internal.TestMethodWorker.invokeTestMethods(TestMethodWorker.java:124)
	at org.testng.internal.TestMethodWorker.run(TestMethodWorker.java:108)
	at java.util.concurrent.ThreadPoolExecutor.runWorker(Unknown Source)
	at java.util.concurrent.ThreadPoolExecutor$Worker.run(Unknown Source)
	at java.lang.Thread.run(Unknown Source)
]]>
    </failure>
  </testcase> <!-- using_excel_sheet -->
  <testcase name="read_Excel" time="0.0" classname="practiceone.CommonSteps">
    <skipped/>
  </testcase> <!-- read_Excel -->
</testsuite> <!-- Default test -->
