<?xml version="1.0" encoding="UTF-8"?>
<!-- Generated by org.testng.reporters.JUnitXMLReporter -->
<testsuite hostname="NANDAKUMARSIR-D" name="Rohith" tests="6" failures="0" timestamp="17 Oct 2016 19:00:02 GMT" time="10.077" errors="0">
  <testcase name="role" time="0.006" classname="threeweekplanselenium.SeleniumTestNGOne"/>
  <testcase name="company" time="0.001" classname="threeweekplanselenium.SeleniumTestNGOne"/>
  <testcase name="company" time="0.004" classname="threeweekplanselenium.SeleniumTestNGOne"/>
  <testcase name="salary" time="0.001" classname="threeweekplanselenium.SeleniumTestNGOne"/>
  <testcase name="profession" time="5.008" classname="threeweekplanselenium.SeleniumTestNGOne"/>
  <testcase name="profession" time="5.003" classname="threeweekplanselenium.SeleniumTestNGOne"/>
</testsuite> <!-- Rohith -->
