<?xml version="1.0" encoding="UTF-8"?>
<!-- Generated by org.testng.reporters.JUnitXMLReporter -->
<testsuite hostname="NANDAKUMARSIR-D" name="Rohith one&#039;s test" tests="5" failures="2" timestamp="25 Jun 2017 14:55:13 GMT" time="1080.03" errors="0">
  <testcase name="usingRightClick" time="46.762" classname="javapracticeone.PracticeMethodsOne">
    <failure type="java.lang.NullPointerException">
      <![CDATA[java.lang.NullPointerException
	at javapracticeone.PracticeMethodsOne.usingRightClick(PracticeMethodsOne.java:111)
	at sun.reflect.NativeMethodAccessorImpl.invoke0(Native Method)
	at sun.reflect.NativeMethodAccessorImpl.invoke(Unknown Source)
	at sun.reflect.DelegatingMethodAccessorImpl.invoke(Unknown Source)
	at java.lang.reflect.Method.invoke(Unknown Source)
	at org.testng.internal.MethodInvocationHelper.invokeMethod(MethodInvocationHelper.java:85)
	at org.testng.internal.Invoker.invokeMethod(Invoker.java:639)
	at org.testng.internal.Invoker.invokeTestMethod(Invoker.java:816)
	at org.testng.internal.Invoker.invokeTestMethods(Invoker.java:1124)
	at org.testng.internal.TestMethodWorker.invokeTestMethods(TestMethodWorker.java:124)
	at org.testng.internal.TestMethodWorker.run(TestMethodWorker.java:108)
	at java.util.concurrent.ThreadPoolExecutor.runWorker(Unknown Source)
	at java.util.concurrent.ThreadPoolExecutor$Worker.run(Unknown Source)
	at java.lang.Thread.run(Unknown Source)
]]>
    </failure>
  </testcase> <!-- usingRightClick -->
  <testcase name="dragAndDrop" time="92.451" classname="javapracticeone.PracticeMethodsOne">
    <failure type="java.lang.NullPointerException">
      <![CDATA[java.lang.NullPointerException
	at javapracticeone.PracticeMethodsOne.dragAndDrop(PracticeMethodsOne.java:81)
	at sun.reflect.NativeMethodAccessorImpl.invoke0(Native Method)
	at sun.reflect.NativeMethodAccessorImpl.invoke(Unknown Source)
	at sun.reflect.DelegatingMethodAccessorImpl.invoke(Unknown Source)
	at java.lang.reflect.Method.invoke(Unknown Source)
	at org.testng.internal.MethodInvocationHelper.invokeMethod(MethodInvocationHelper.java:85)
	at org.testng.internal.Invoker.invokeMethod(Invoker.java:639)
	at org.testng.internal.Invoker.invokeTestMethod(Invoker.java:816)
	at org.testng.internal.Invoker.invokeTestMethods(Invoker.java:1124)
	at org.testng.internal.TestMethodWorker.invokeTestMethods(TestMethodWorker.java:124)
	at org.testng.internal.TestMethodWorker.run(TestMethodWorker.java:108)
	at java.util.concurrent.ThreadPoolExecutor.runWorker(Unknown Source)
	at java.util.concurrent.ThreadPoolExecutor$Worker.run(Unknown Source)
	at java.lang.Thread.run(Unknown Source)
]]>
    </failure>
  </testcase> <!-- dragAndDrop -->
  <testcase name="runInGrid" time="389.879" classname="javapracticeone.PracticeMethodsOne"/>
  <testcase name="draggableAndDroppable" time="718.898" classname="javapracticeone.PracticeMethodsOne"/>
  <testcase name="selectableRunInGrid" time="1079.961" classname="javapracticeone.PracticeMethodsOne"/>
</testsuite> <!-- Rohith one's test -->
