<?xml version="1.0" encoding="UTF-8"?>
<!-- Generated by org.testng.reporters.JUnitXMLReporter -->
<testsuite hostname="AARTIPC" name="Rohith test" tests="2" failures="1" timestamp="9 May 2016 17:49:40 GMT" time="201.988" errors="0">
  <testcase name="createLead" time="48.445" classname="testngExamples.OpenTapsTest"/>
  <testcase name="createContact" time="91.675" classname="testngExamples.OpenTapsTest">
    <failure type="org.openqa.selenium.WebDriverException" message="Failed to connect to binary FirefoxBinary(C:\Program Files (x86)\Mozilla Firefox\firefox.exe) on port 7061; process output follows: 
.org
1462816131666	addons.xpi	DEBUG	Updating XPIState for {&amp;quot;id&amp;quot;:&amp;quot;{972ce4c6-7e08-4474-a285-3208198ce6fd}&amp;quot;,&amp;quot;syncGUID&amp;quot;:&amp;quot;QerYX7K7hPaL&amp;quot;,&amp;quot;location&amp;quot;:&amp;quot;app-global&amp;quot;,&amp;quot;version&amp;quot;:&amp;quot;45.0&amp;quot;,&amp;quot;type&amp;quot;:&amp;quot;theme&amp;quot;,&amp;quot;internalName&amp;quot;:&amp;quot;classic/1.0&amp;quot;,&amp;quot;updateURL&amp;quot;:null,&amp;quot;updateKey&amp;quot;:null,&amp;quot;optionsURL&amp;quot;:null,&amp;quot;optionsType&amp;quot;:null,&amp;quot;aboutURL&amp;quot;:null,&amp;quot;icons&amp;quot;:{&amp;quot;32&amp;quot;:&amp;quot;icon.png&amp;quot;,&amp;quot;48&amp;quot;:&amp;quot;icon.png&amp;quot;},&amp;quot;iconURL&amp;quot;:null,&amp;quot;icon64URL&amp;quot;:null,&amp;quot;defaultLocale&amp;quot;:{&amp;quot;name&amp;quot;:&amp;quot;Default&amp;quot;,&amp;quot;description&amp;quot;:&amp;quot;The default theme.&amp;quot;,&amp;quot;creator&amp;quot;:&amp;quot;Mozilla&amp;quot;,&amp;quot;homepageURL&amp;quot;:null,&amp;quot;contributors&amp;quot;:[&amp;quot;Mozilla Contributors&amp;quot;]},&amp;quot;visible&amp;quot;:true,&amp;quot;active&amp;quot;:true,&amp;quot;userDisabled&amp;quot;:false,&amp;quot;appDisabled&amp;quot;:false,&amp;quot;descriptor&amp;quot;:&amp;quot;C:\\Program Files (x86)\\Mozilla Firefox\\browser\\extensions\\{972ce4c6-7e08-4474-a285-3208198ce6fd}.xpi&amp;quot;,&amp;quot;installDate&amp;quot;:1457051706000,&amp;quot;updateDate&amp;quot;:1457051706000,&amp;quot;applyBackgroundUpdates&amp;quot;:1,&amp;quot;skinnable&amp;quot;:true,&amp;quot;size&amp;quot;:22006,&amp;quot;sourceURI&amp;quot;:null,&amp;quot;releaseNotesURI&amp;quot;:null,&amp;quot;softDisabled&amp;quot;:false,&amp;quot;foreignInstall&amp;quot;:false,&amp;quot;hasBinaryComponents&amp;quot;:false,&amp;quot;strictCompatibility&amp;quot;:true,&amp;quot;locales&amp;quot;:[],&amp;quot;targetApplications&amp;quot;:[{&amp;quot;id&amp;quot;:&amp;quot;{ec8030f7-c20a-464f-9b0e-13a3a9e97384}&amp;quot;,&amp;quot;minVersion&amp;quot;:&amp;quot;45.0&amp;quot;,&amp;quot;maxVersion&amp;quot;:&amp;quot;45.0&amp;quot;}],&amp;quot;targetPlatforms&amp;quot;:[],&amp;quot;seen&amp;quot;:true}
1462816131666	addons.xpi	DEBUG	getModTime: Recursive scan of {972ce4c6-7e08-4474-a285-3208198ce6fd}
1462816131666	addons.xpi	DEBUG	Updating XPIState for {&amp;quot;id&amp;quot;:&amp;quot;fassoxpcom@sensiblevision.com&amp;quot;,&amp;quot;syncGUID&amp;quot;:&amp;quot;81_9kKPBEBvh&amp;quot;,&amp;quot;location&amp;quot;:&amp;quot;winreg-app-global&amp;quot;,&amp;quot;version&amp;quot;:&amp;quot;1.12&amp;quot;,&amp;quot;type&amp;quot;:&amp;quot;extension&amp;quot;,&amp;quot;internalName&amp;quot;:null,&amp;quot;updateURL&amp;quot;:null,&amp;quot;updateKey&amp;quot;:null,&amp;quot;optionsURL&amp;quot;:null,&amp;quot;optionsType&amp;quot;:null,&amp;quot;aboutURL&amp;quot;:null,&amp;quot;icons&amp;quot;:{},&amp;quot;iconURL&amp;quot;:&amp;quot;chrome://fasso/content/fasso.png&amp;quot;,&amp;quot;icon64URL&amp;quot;:null,&amp;quot;defaultLocale&amp;quot;:{&amp;quot;name&amp;quot;:&amp;quot;FastAccess Web Login&amp;quot;,&amp;quot;description&amp;quot;:&amp;quot;Adds a facial recognition secured automatic password manager.&amp;quot;,&amp;quot;creator&amp;quot;:&amp;quot;Sensible Vision&amp;quot;,&amp;quot;homepageURL&amp;quot;:&amp;quot;http://www.sensiblevision.com&amp;quot;},&amp;quot;visible&amp;quot;:true,&amp;quot;active&amp;quot;:false,&amp;quot;userDisabled&amp;quot;:true,&amp;quot;appDisabled&amp;quot;:false,&amp;quot;descriptor&amp;quot;:&amp;quot;C:\\Program Files (x86)\\Sensible Vision\\Fast Access\\xpcom_fasso&amp;quot;,&amp;quot;installDate&amp;quot;:1306434931260,&amp;quot;updateDate&amp;quot;:1306434931260,&amp;quot;applyBackgroundUpdates&amp;quot;:1,&amp;quot;bootstrap&amp;quot;:false,&amp;quot;skinnable&amp;quot;:false,&amp;quot;size&amp;quot;:119016,&amp;quot;sourceURI&amp;quot;:null,&amp;quot;releaseNotesURI&amp;quot;:null,&amp;quot;softDisabled&amp;quot;:false,&amp;quot;foreignInstall&amp;quot;:true,&amp;quot;hasBinaryComponents&amp;quot;:true,&amp;quot;strictCompatibility&amp;quot;:false,&amp;quot;locales&amp;quot;:[],&amp;quot;targetApplications&amp;quot;:[{&amp;quot;id&amp;quot;:&amp;quot;{ec8030f7-c20a-464f-9b0e-13a3a9e97384}&amp;quot;,&amp;quot;minVersion&amp;quot;:&amp;quot;3.0&amp;quot;,&amp;quot;maxVersion&amp;quot;:&amp;quot;*.*.*&amp;quot;}],&amp;quot;targetPlatforms&amp;quot;:[],&amp;quot;multiprocessCompatible&amp;quot;:false,&amp;quot;signedState&amp;quot;:0,&amp;quot;seen&amp;quot;:true}
1462816131668	DeferredSave.extensions.json	DEBUG	Save changes
1462816131668	addons.xpi	DEBUG	Updating database with changes to installed add-ons
1462816131668	addons.xpi-utils	DEBUG	Updating add-on states
1462816131669	addons.xpi-utils	DEBUG	Writing add-ons list
1462816131671	addons.xpi	DEBUG	Registering manifest for C:\Program Files (x86)\Mozilla Firefox\browser\features\loop@mozilla.org.xpi
1462816131672	addons.xpi	DEBUG	Calling bootstrap method startup on loop@mozilla.org version 0.1
1462816131691	addons.manager	DEBUG	Starting provider: &amp;lt;unnamed-provider&amp;gt;
1462816131691	addons.manager	DEBUG	Registering shutdown blocker for &amp;lt;unnamed-provider&amp;gt;
1462816131691	addons.manager	DEBUG	Provider finished startup: &amp;lt;unnamed-provider&amp;gt;
1462816131708	addons.manager	DEBUG	Registering shutdown blocker for XPIProvider
1462816131708	addons.manager	DEBUG	Provider finished startup: XPIProvider
1462816131709	addons.manager	DEBUG	Starting provider: LightweightThemeManager
1462816131709	addons.manager	DEBUG	Registering shutdown blocker for LightweightThemeManager
1462816131709	addons.manager	DEBUG	Provider finished startup: LightweightThemeManager
1462816131709	addons.manager	DEBUG	Starting provider: GMPProvider
1462816131717	addons.manager	DEBUG	Registering shutdown blocker for GMPProvider
1462816131718	addons.manager	DEBUG	Provider finished startup: GMPProvider
1462816131718	addons.manager	DEBUG	Starting provider: PluginProvider
1462816131718	addons.manager	DEBUG	Registering shutdown blocker for PluginProvider
1462816131718	addons.manager	DEBUG	Provider finished startup: PluginProvider
1462816131719	addons.manager	DEBUG	Completed startup sequence

Build info: version: &amp;apos;2.52.0&amp;apos;, revision: &amp;apos;4c2593cfc3689a7fcd7be52549167e5ccc93ad28&amp;apos;, time: &amp;apos;2016-02-11 11:22:43&amp;apos;
System info: host: &amp;apos;AARTIPC&amp;apos;, ip: &amp;apos;10.228.21.224&amp;apos;, os.name: &amp;apos;Windows 7&amp;apos;, os.arch: &amp;apos;x86&amp;apos;, os.version: &amp;apos;6.1&amp;apos;, java.version: &amp;apos;1.8.0&amp;apos;
Driver info: driver.version: FirefoxDriver">
      <![CDATA[org.openqa.selenium.WebDriverException: Failed to connect to binary FirefoxBinary(C:\Program Files (x86)\Mozilla Firefox\firefox.exe) on port 7061; process output follows: 
.org
1462816131666	addons.xpi	DEBUG	Updating XPIState for {"id":"{972ce4c6-7e08-4474-a285-3208198ce6fd}","syncGUID":"QerYX7K7hPaL","location":"app-global","version":"45.0","type":"theme","internalName":"classic/1.0","updateURL":null,"updateKey":null,"optionsURL":null,"optionsType":null,"aboutURL":null,"icons":{"32":"icon.png","48":"icon.png"},"iconURL":null,"icon64URL":null,"defaultLocale":{"name":"Default","description":"The default theme.","creator":"Mozilla","homepageURL":null,"contributors":["Mozilla Contributors"]},"visible":true,"active":true,"userDisabled":false,"appDisabled":false,"descriptor":"C:\\Program Files (x86)\\Mozilla Firefox\\browser\\extensions\\{972ce4c6-7e08-4474-a285-3208198ce6fd}.xpi","installDate":1457051706000,"updateDate":1457051706000,"applyBackgroundUpdates":1,"skinnable":true,"size":22006,"sourceURI":null,"releaseNotesURI":null,"softDisabled":false,"foreignInstall":false,"hasBinaryComponents":false,"strictCompatibility":true,"locales":[],"targetApplications":[{"id":"{ec8030f7-c20a-464f-9b0e-13a3a9e97384}","minVersion":"45.0","maxVersion":"45.0"}],"targetPlatforms":[],"seen":true}
1462816131666	addons.xpi	DEBUG	getModTime: Recursive scan of {972ce4c6-7e08-4474-a285-3208198ce6fd}
1462816131666	addons.xpi	DEBUG	Updating XPIState for {"id":"fassoxpcom@sensiblevision.com","syncGUID":"81_9kKPBEBvh","location":"winreg-app-global","version":"1.12","type":"extension","internalName":null,"updateURL":null,"updateKey":null,"optionsURL":null,"optionsType":null,"aboutURL":null,"icons":{},"iconURL":"chrome://fasso/content/fasso.png","icon64URL":null,"defaultLocale":{"name":"FastAccess Web Login","description":"Adds a facial recognition secured automatic password manager.","creator":"Sensible Vision","homepageURL":"http://www.sensiblevision.com"},"visible":true,"active":false,"userDisabled":true,"appDisabled":false,"descriptor":"C:\\Program Files (x86)\\Sensible Vision\\Fast Access\\xpcom_fasso","installDate":1306434931260,"updateDate":1306434931260,"applyBackgroundUpdates":1,"bootstrap":false,"skinnable":false,"size":119016,"sourceURI":null,"releaseNotesURI":null,"softDisabled":false,"foreignInstall":true,"hasBinaryComponents":true,"strictCompatibility":false,"locales":[],"targetApplications":[{"id":"{ec8030f7-c20a-464f-9b0e-13a3a9e97384}","minVersion":"3.0","maxVersion":"*.*.*"}],"targetPlatforms":[],"multiprocessCompatible":false,"signedState":0,"seen":true}
1462816131668	DeferredSave.extensions.json	DEBUG	Save changes
1462816131668	addons.xpi	DEBUG	Updating database with changes to installed add-ons
1462816131668	addons.xpi-utils	DEBUG	Updating add-on states
1462816131669	addons.xpi-utils	DEBUG	Writing add-ons list
1462816131671	addons.xpi	DEBUG	Registering manifest for C:\Program Files (x86)\Mozilla Firefox\browser\features\loop@mozilla.org.xpi
1462816131672	addons.xpi	DEBUG	Calling bootstrap method startup on loop@mozilla.org version 0.1
1462816131691	addons.manager	DEBUG	Starting provider: <unnamed-provider>
1462816131691	addons.manager	DEBUG	Registering shutdown blocker for <unnamed-provider>
1462816131691	addons.manager	DEBUG	Provider finished startup: <unnamed-provider>
1462816131708	addons.manager	DEBUG	Registering shutdown blocker for XPIProvider
1462816131708	addons.manager	DEBUG	Provider finished startup: XPIProvider
1462816131709	addons.manager	DEBUG	Starting provider: LightweightThemeManager
1462816131709	addons.manager	DEBUG	Registering shutdown blocker for LightweightThemeManager
1462816131709	addons.manager	DEBUG	Provider finished startup: LightweightThemeManager
1462816131709	addons.manager	DEBUG	Starting provider: GMPProvider
1462816131717	addons.manager	DEBUG	Registering shutdown blocker for GMPProvider
1462816131718	addons.manager	DEBUG	Provider finished startup: GMPProvider
1462816131718	addons.manager	DEBUG	Starting provider: PluginProvider
1462816131718	addons.manager	DEBUG	Registering shutdown blocker for PluginProvider
1462816131718	addons.manager	DEBUG	Provider finished startup: PluginProvider
1462816131719	addons.manager	DEBUG	Completed startup sequence

Build info: version: '2.52.0', revision: '4c2593cfc3689a7fcd7be52549167e5ccc93ad28', time: '2016-02-11 11:22:43'
System info: host: 'AARTIPC', ip: '10.228.21.224', os.name: 'Windows 7', os.arch: 'x86', os.version: '6.1', java.version: '1.8.0'
Driver info: driver.version: FirefoxDriver
	at org.openqa.selenium.firefox.internal.NewProfileExtensionConnection.start(NewProfileExtensionConnection.java:125)
	at org.openqa.selenium.firefox.FirefoxDriver.startClient(FirefoxDriver.java:271)
	at org.openqa.selenium.remote.RemoteWebDriver.<init>(RemoteWebDriver.java:119)
	at org.openqa.selenium.firefox.FirefoxDriver.<init>(FirefoxDriver.java:216)
	at org.openqa.selenium.firefox.FirefoxDriver.<init>(FirefoxDriver.java:211)
	at org.openqa.selenium.firefox.FirefoxDriver.<init>(FirefoxDriver.java:207)
	at org.openqa.selenium.firefox.FirefoxDriver.<init>(FirefoxDriver.java:120)
	at testngExamples.OpenTapsTest.navigateWebPage(OpenTapsTest.java:41)
	at testngExamples.OpenTapsTest.createContact(OpenTapsTest.java:111)
	at sun.reflect.NativeMethodAccessorImpl.invoke0(Native Method)
	at sun.reflect.NativeMethodAccessorImpl.invoke(Unknown Source)
	at sun.reflect.DelegatingMethodAccessorImpl.invoke(Unknown Source)
	at java.lang.reflect.Method.invoke(Unknown Source)
	at org.testng.internal.MethodInvocationHelper.invokeMethod(MethodInvocationHelper.java:85)
	at org.testng.internal.InvokeMethodRunnable.runOne(InvokeMethodRunnable.java:54)
	at org.testng.internal.InvokeMethodRunnable.run(InvokeMethodRunnable.java:44)
	at org.testng.internal.MethodInvocationHelper.invokeWithTimeoutWithNoExecutor(MethodInvocationHelper.java:242)
	at org.testng.internal.MethodInvocationHelper.invokeWithTimeout(MethodInvocationHelper.java:231)
	at org.testng.internal.Invoker.invokeMethod(Invoker.java:645)
	at org.testng.internal.Invoker.invokeTestMethod(Invoker.java:816)
	at org.testng.internal.Invoker.invokeTestMethods(Invoker.java:1124)
	at org.testng.internal.TestMethodWorker.invokeTestMethods(TestMethodWorker.java:124)
	at org.testng.internal.TestMethodWorker.run(TestMethodWorker.java:108)
	at org.testng.TestRunner.privateRun(TestRunner.java:773)
	at org.testng.TestRunner.run(TestRunner.java:623)
	at org.testng.SuiteRunner.runTest(SuiteRunner.java:359)
	at org.testng.SuiteRunner.access$000(SuiteRunner.java:39)
	at org.testng.SuiteRunner$SuiteWorker.run(SuiteRunner.java:393)
	at org.testng.internal.thread.ThreadUtil$2.call(ThreadUtil.java:64)
	at java.util.concurrent.FutureTask.run(Unknown Source)
	at java.util.concurrent.ThreadPoolExecutor.runWorker(Unknown Source)
	at java.util.concurrent.ThreadPoolExecutor$Worker.run(Unknown Source)
	at java.lang.Thread.run(Unknown Source)
Caused by: org.openqa.selenium.firefox.NotConnectedException: Unable to connect to host 127.0.0.1 on port 7061 after 45000 ms. Firefox console output:
.org
1462816131666	addons.xpi	DEBUG	Updating XPIState for {"id":"{972ce4c6-7e08-4474-a285-3208198ce6fd}","syncGUID":"QerYX7K7hPaL","location":"app-global","version":"45.0","type":"theme","internalName":"classic/1.0","updateURL":null,"updateKey":null,"optionsURL":null,"optionsType":null,"aboutURL":null,"icons":{"32":"icon.png","48":"icon.png"},"iconURL":null,"icon64URL":null,"defaultLocale":{"name":"Default","description":"The default theme.","creator":"Mozilla","homepageURL":null,"contributors":["Mozilla Contributors"]},"visible":true,"active":true,"userDisabled":false,"appDisabled":false,"descriptor":"C:\\Program Files (x86)\\Mozilla Firefox\\browser\\extensions\\{972ce4c6-7e08-4474-a285-3208198ce6fd}.xpi","installDate":1457051706000,"updateDate":1457051706000,"applyBackgroundUpdates":1,"skinnable":true,"size":22006,"sourceURI":null,"releaseNotesURI":null,"softDisabled":false,"foreignInstall":false,"hasBinaryComponents":false,"strictCompatibility":true,"locales":[],"targetApplications":[{"id":"{ec8030f7-c20a-464f-9b0e-13a3a9e97384}","minVersion":"45.0","maxVersion":"45.0"}],"targetPlatforms":[],"seen":true}
1462816131666	addons.xpi	DEBUG	getModTime: Recursive scan of {972ce4c6-7e08-4474-a285-3208198ce6fd}
1462816131666	addons.xpi	DEBUG	Updating XPIState for {"id":"fassoxpcom@sensiblevision.com","syncGUID":"81_9kKPBEBvh","location":"winreg-app-global","version":"1.12","type":"extension","internalName":null,"updateURL":null,"updateKey":null,"optionsURL":null,"optionsType":null,"aboutURL":null,"icons":{},"iconURL":"chrome://fasso/content/fasso.png","icon64URL":null,"defaultLocale":{"name":"FastAccess Web Login","description":"Adds a facial recognition secured automatic password manager.","creator":"Sensible Vision","homepageURL":"http://www.sensiblevision.com"},"visible":true,"active":false,"userDisabled":true,"appDisabled":false,"descriptor":"C:\\Program Files (x86)\\Sensible Vision\\Fast Access\\xpcom_fasso","installDate":1306434931260,"updateDate":1306434931260,"applyBackgroundUpdates":1,"bootstrap":false,"skinnable":false,"size":119016,"sourceURI":null,"releaseNotesURI":null,"softDisabled":false,"foreignInstall":true,"hasBinaryComponents":true,"strictCompatibility":false,"locales":[],"targetApplications":[{"id":"{ec8030f7-c20a-464f-9b0e-13a3a9e97384}","minVersion":"3.0","maxVersion":"*.*.*"}],"targetPlatforms":[],"multiprocessCompatible":false,"signedState":0,"seen":true}
1462816131668	DeferredSave.extensions.json	DEBUG	Save changes
1462816131668	addons.xpi	DEBUG	Updating database with changes to installed add-ons
1462816131668	addons.xpi-utils	DEBUG	Updating add-on states
1462816131669	addons.xpi-utils	DEBUG	Writing add-ons list
1462816131671	addons.xpi	DEBUG	Registering manifest for C:\Program Files (x86)\Mozilla Firefox\browser\features\loop@mozilla.org.xpi
1462816131672	addons.xpi	DEBUG	Calling bootstrap method startup on loop@mozilla.org version 0.1
1462816131691	addons.manager	DEBUG	Starting provider: <unnamed-provider>
1462816131691	addons.manager	DEBUG	Registering shutdown blocker for <unnamed-provider>
1462816131691	addons.manager	DEBUG	Provider finished startup: <unnamed-provider>
1462816131708	addons.manager	DEBUG	Registering shutdown blocker for XPIProvider
1462816131708	addons.manager	DEBUG	Provider finished startup: XPIProvider
1462816131709	addons.manager	DEBUG	Starting provider: LightweightThemeManager
1462816131709	addons.manager	DEBUG	Registering shutdown blocker for LightweightThemeManager
1462816131709	addons.manager	DEBUG	Provider finished startup: LightweightThemeManager
1462816131709	addons.manager	DEBUG	Starting provider: GMPProvider
1462816131717	addons.manager	DEBUG	Registering shutdown blocker for GMPProvider
1462816131718	addons.manager	DEBUG	Provider finished startup: GMPProvider
1462816131718	addons.manager	DEBUG	Starting provider: PluginProvider
1462816131718	addons.manager	DEBUG	Registering shutdown blocker for PluginProvider
1462816131718	addons.manager	DEBUG	Provider finished startup: PluginProvider
1462816131719	addons.manager	DEBUG	Completed startup sequence

	at org.openqa.selenium.firefox.internal.NewProfileExtensionConnection.start(NewProfileExtensionConnection.java:113)
	... 32 more
]]>
    </failure>
  </testcase> <!-- createContact -->
</testsuite> <!-- Rohith test -->
