<?xml version="1.0" encoding="UTF-8"?>
<!-- Generated by org.testng.reporters.JUnitXMLReporter -->
<testsuite hostname="NANDAKUMARSIR-D" name="Rohith&#039;s test" tests="9" failures="0" timestamp="1 Jul 2017 09:43:45 GMT" time="1193.92" errors="0">
  <testcase name="dragAndDrop" time="70.096" classname="javapracticeone.PracticeMethodsOne"/>
  <testcase name="usingRightClick" time="31.801" classname="javapracticeone.PracticeMethodsOne"/>
  <testcase name="runInGrid" time="21.466" classname="javapracticeone.PracticeMethodsOne"/>
  <testcase name="draggableAndDroppable" time="329.291" classname="javapracticeone.PracticeMethodsOne"/>
  <testcase name="selectableRunInGrid" time="353.172" classname="javapracticeone.PracticeMethodsOne"/>
  <testcase name="usingParameters" time="0.001" classname="javapracticeone.PracticeMethodsOne"/>
  <testcase name="logintoTwitterUsingParameters" time="337.742" classname="javapracticeone.PracticeMethodsOne"/>
  <testcase name="logintoTwitterUsingParameters" time="28.89" classname="javapracticeone.PracticeMethodsOne"/>
  <testcase name="usingRightClickOne" time="21.323" classname="javapracticeone.PracticeMethodsOne"/>
</testsuite> <!-- Rohith's test -->
